0it [00:00, ?it/s]
101it [00:00, 3874.91it/s]

0it [00:00, ?it/s]
101it [00:00, 3438.07it/s]

0it [00:00, ?it/s]
202it [00:00, 18016.23it/s]

0it [00:00, ?it/s]
10225it [00:00, 102210.86it/s]
21311it [00:00, 104660.32it/s]
32652it [00:00, 107140.06it/s]
44092it [00:00, 109204.38it/s]
55543it [00:00, 110732.79it/s]
66433it [00:00, 110173.51it/s]
77810it [00:00, 111225.04it/s]
89204it [00:00, 112024.22it/s]
100635it [00:00, 112691.59it/s]
111822it [00:01, 112443.15it/s]
123088it [00:01, 112494.65it/s]
134486it [00:01, 112931.49it/s]
145776it [00:01, 112921.34it/s]
156995it [00:01, 112685.99it/s]
168214it [00:01, 112531.28it/s]
179420it [00:01, 111743.02it/s]
190675it [00:01, 111965.44it/s]
201950it [00:01, 112192.99it/s]
213236it [00:01, 112379.49it/s]
224469it [00:02, 112351.81it/s]
235821it [00:02, 112699.04it/s]
247148it [00:02, 112849.89it/s]
258504it [00:02, 113058.64it/s]
269808it [00:02, 112538.10it/s]
281061it [00:02, 112385.54it/s]
292299it [00:02, 111924.22it/s]
303699it [00:02, 112524.62it/s]
314953it [00:02, 108868.39it/s]
325867it [00:02, 97815.23it/s] 
337070it [00:03, 101675.70it/s]
348455it [00:03, 105040.03it/s]
359882it [00:03, 107642.80it/s]
371157it [00:03, 109118.71it/s]
382312it [00:03, 109836.54it/s]
393366it [00:03, 109751.26it/s]
400000it [00:03, 110578.34it/s]

  0%|          | 0/13 [00:00<?, ?it/s]
loss: 186.2628 ||:   8%|7         | 1/13 [00:00<00:07,  1.65it/s]
loss: 178.2286 ||:  15%|#5        | 2/13 [00:00<00:05,  1.85it/s]
loss: 172.7381 ||:  23%|##3       | 3/13 [00:01<00:05,  1.95it/s]
loss: 167.5056 ||:  31%|###       | 4/13 [00:01<00:04,  2.12it/s]
loss: 157.9584 ||:  38%|###8      | 5/13 [00:02<00:03,  2.37it/s]
loss: 147.6182 ||:  46%|####6     | 6/13 [00:02<00:02,  2.67it/s]
loss: 151.2140 ||:  54%|#####3    | 7/13 [00:02<00:02,  2.58it/s]
loss: 156.1056 ||:  62%|######1   | 8/13 [00:03<00:02,  2.32it/s]
loss: 154.5260 ||:  69%|######9   | 9/13 [00:03<00:01,  2.50it/s]
loss: 158.6716 ||:  77%|#######6  | 10/13 [00:04<00:01,  2.25it/s]
loss: 159.1385 ||:  85%|########4 | 11/13 [00:04<00:00,  2.26it/s]
loss: 156.5275 ||:  92%|#########2| 12/13 [00:04<00:00,  2.45it/s]
loss: 161.8011 ||: 100%|##########| 13/13 [00:05<00:00,  2.33it/s]
loss: 161.8011 ||: 100%|##########| 13/13 [00:05<00:00,  2.38it/s]

  0%|          | 0/13 [00:00<?, ?it/s]
BLEU: 0.0000, loss: 92.4217 ||:   8%|7         | 1/13 [00:01<00:16,  1.40s/it]
BLEU: 0.0000, loss: 103.2934 ||:  15%|#5        | 2/13 [00:03<00:16,  1.47s/it]
BLEU: 0.0000, loss: 114.8017 ||:  23%|##3       | 3/13 [00:05<00:16,  1.65s/it]
BLEU: 0.0000, loss: 122.3871 ||:  31%|###       | 4/13 [00:07<00:15,  1.77s/it]
BLEU: 0.0000, loss: 122.9653 ||:  38%|###8      | 5/13 [00:08<00:14,  1.78s/it]
BLEU: 0.0000, loss: 129.4655 ||:  46%|####6     | 6/13 [00:10<00:12,  1.80s/it]
BLEU: 0.0000, loss: 134.7588 ||:  54%|#####3    | 7/13 [00:12<00:11,  1.86s/it]
BLEU: 0.0000, loss: 136.9893 ||:  62%|######1   | 8/13 [00:15<00:10,  2.01s/it]
BLEU: 0.0000, loss: 141.3882 ||:  69%|######9   | 9/13 [00:18<00:09,  2.27s/it]
BLEU: 0.0000, loss: 143.2661 ||:  77%|#######6  | 10/13 [00:21<00:07,  2.51s/it]
BLEU: 0.0000, loss: 146.9741 ||:  85%|########4 | 11/13 [00:24<00:05,  2.64s/it]
BLEU: 0.0000, loss: 150.6579 ||:  92%|#########2| 12/13 [00:27<00:02,  2.74s/it]
BLEU: 0.0000, loss: 156.2932 ||: 100%|##########| 13/13 [00:29<00:00,  2.68s/it]
BLEU: 0.0000, loss: 156.2932 ||: 100%|##########| 13/13 [00:29<00:00,  2.27s/it]

  0%|          | 0/13 [00:00<?, ?it/s]
loss: 125.3530 ||:   8%|7         | 1/13 [00:00<00:04,  2.44it/s]
loss: 150.3872 ||:  15%|#5        | 2/13 [00:01<00:05,  2.11it/s]
loss: 160.6730 ||:  23%|##3       | 3/13 [00:01<00:05,  1.99it/s]
loss: 157.6398 ||:  31%|###       | 4/13 [00:02<00:04,  2.05it/s]
loss: 154.2136 ||:  38%|###8      | 5/13 [00:02<00:03,  2.19it/s]
loss: 146.5757 ||:  46%|####6     | 6/13 [00:02<00:02,  2.38it/s]
loss: 147.5376 ||:  54%|#####3    | 7/13 [00:03<00:02,  2.41it/s]
loss: 155.5245 ||:  62%|######1   | 8/13 [00:03<00:02,  2.22it/s]
loss: 155.2703 ||:  69%|######9   | 9/13 [00:04<00:01,  2.23it/s]
loss: 153.9237 ||:  77%|#######6  | 10/13 [00:04<00:01,  2.19it/s]
loss: 151.0269 ||:  85%|########4 | 11/13 [00:04<00:00,  2.37it/s]
loss: 152.3281 ||:  92%|#########2| 12/13 [00:05<00:00,  2.16it/s]
loss: 146.6773 ||: 100%|##########| 13/13 [00:05<00:00,  2.47it/s]
loss: 146.6773 ||: 100%|##########| 13/13 [00:05<00:00,  2.24it/s]

  0%|          | 0/13 [00:00<?, ?it/s]
BLEU: 0.0000, loss: 76.8902 ||:   8%|7         | 1/13 [00:01<00:17,  1.48s/it]
BLEU: 0.0000, loss: 84.9294 ||:  15%|#5        | 2/13 [00:03<00:17,  1.55s/it]
BLEU: 0.0000, loss: 95.4881 ||:  23%|##3       | 3/13 [00:04<00:15,  1.59s/it]
BLEU: 0.0000, loss: 102.8230 ||:  31%|###       | 4/13 [00:06<00:14,  1.64s/it]
BLEU: 0.0000, loss: 101.7715 ||:  38%|###8      | 5/13 [00:08<00:13,  1.71s/it]
BLEU: 0.0000, loss: 108.3948 ||:  46%|####6     | 6/13 [00:10<00:12,  1.76s/it]
BLEU: 0.0000, loss: 113.6286 ||:  54%|#####3    | 7/13 [00:12<00:11,  1.84s/it]
BLEU: 0.0000, loss: 115.2626 ||:  62%|######1   | 8/13 [00:14<00:09,  1.92s/it]
BLEU: 0.0000, loss: 119.5619 ||:  69%|######9   | 9/13 [00:16<00:08,  2.06s/it]
BLEU: 0.0000, loss: 120.8005 ||:  77%|#######6  | 10/13 [00:20<00:07,  2.61s/it]
BLEU: 0.0000, loss: 124.1469 ||:  85%|########4 | 11/13 [00:23<00:05,  2.74s/it]
BLEU: 0.0000, loss: 127.3096 ||:  92%|#########2| 12/13 [00:26<00:02,  2.73s/it]
BLEU: 0.0000, loss: 132.8768 ||: 100%|##########| 13/13 [00:29<00:00,  2.81s/it]
BLEU: 0.0000, loss: 132.8768 ||: 100%|##########| 13/13 [00:29<00:00,  2.27s/it]

  0%|          | 0/13 [00:00<?, ?it/s]
loss: 126.6954 ||:   8%|7         | 1/13 [00:00<00:06,  1.85it/s]
loss: 111.4993 ||:  15%|#5        | 2/13 [00:01<00:06,  1.82it/s]
loss: 121.4747 ||:  23%|##3       | 3/13 [00:01<00:05,  1.82it/s]
loss: 123.4144 ||:  31%|###       | 4/13 [00:02<00:04,  1.88it/s]
loss: 128.0379 ||:  38%|###8      | 5/13 [00:02<00:04,  2.00it/s]
loss: 118.6670 ||:  46%|####6     | 6/13 [00:02<00:03,  2.31it/s]
loss: 124.1331 ||:  54%|#####3    | 7/13 [00:03<00:02,  2.02it/s]
loss: 128.3797 ||:  62%|######1   | 8/13 [00:04<00:02,  1.95it/s]
loss: 127.0582 ||:  69%|######9   | 9/13 [00:04<00:01,  2.19it/s]
loss: 123.2125 ||:  77%|#######6  | 10/13 [00:04<00:01,  2.38it/s]
loss: 126.5214 ||:  85%|########4 | 11/13 [00:05<00:00,  2.17it/s]
loss: 132.9956 ||:  92%|#########2| 12/13 [00:05<00:00,  2.02it/s]
loss: 132.4643 ||: 100%|##########| 13/13 [00:06<00:00,  2.11it/s]
loss: 132.4643 ||: 100%|##########| 13/13 [00:06<00:00,  2.08it/s]

  0%|          | 0/13 [00:00<?, ?it/s]
BLEU: 0.0000, loss: 70.3619 ||:   8%|7         | 1/13 [00:01<00:17,  1.46s/it]
BLEU: 0.0000, loss: 79.0869 ||:  15%|#5        | 2/13 [00:03<00:16,  1.53s/it]
BLEU: 0.0000, loss: 91.1547 ||:  23%|##3       | 3/13 [00:04<00:15,  1.58s/it]
BLEU: 0.0000, loss: 99.7146 ||:  31%|###       | 4/13 [00:06<00:14,  1.63s/it]
BLEU: 0.0000, loss: 98.2248 ||:  38%|###8      | 5/13 [00:08<00:13,  1.68s/it]
BLEU: 0.0000, loss: 105.8819 ||:  46%|####6     | 6/13 [00:10<00:12,  1.75s/it]
BLEU: 0.0000, loss: 111.9147 ||:  54%|#####3    | 7/13 [00:12<00:11,  1.89s/it]
BLEU: 0.0000, loss: 113.4688 ||:  62%|######1   | 8/13 [00:16<00:12,  2.52s/it]
BLEU: 0.0000, loss: 118.1995 ||:  69%|######9   | 9/13 [00:21<00:12,  3.24s/it]
BLEU: 0.0000, loss: 119.2018 ||:  77%|#######6  | 10/13 [00:24<00:09,  3.06s/it]
BLEU: 0.0000, loss: 122.5759 ||:  85%|########4 | 11/13 [00:26<00:05,  2.95s/it]
BLEU: 0.0000, loss: 125.5883 ||:  92%|#########2| 12/13 [00:30<00:03,  3.04s/it]
BLEU: 0.0000, loss: 131.5461 ||: 100%|##########| 13/13 [00:32<00:00,  2.90s/it]
BLEU: 0.0000, loss: 131.5461 ||: 100%|##########| 13/13 [00:32<00:00,  2.51s/it]

  0%|          | 0/13 [00:00<?, ?it/s]
loss: 125.0520 ||:   8%|7         | 1/13 [00:00<00:05,  2.08it/s]
loss: 141.6163 ||:  15%|#5        | 2/13 [00:01<00:05,  1.88it/s]
loss: 117.9644 ||:  23%|##3       | 3/13 [00:01<00:04,  2.08it/s]
loss: 127.1266 ||:  31%|###       | 4/13 [00:02<00:04,  1.85it/s]
loss: 141.5461 ||:  38%|###8      | 5/13 [00:02<00:04,  1.81it/s]
loss: 143.3506 ||:  46%|####6     | 6/13 [00:03<00:03,  1.77it/s]
loss: 143.4004 ||:  54%|#####3    | 7/13 [00:03<00:03,  1.77it/s]
loss: 142.9460 ||:  62%|######1   | 8/13 [00:04<00:02,  1.93it/s]
loss: 137.4885 ||:  69%|######9   | 9/13 [00:04<00:01,  2.09it/s]
loss: 136.0708 ||:  77%|#######6  | 10/13 [00:05<00:01,  1.70it/s]
loss: 134.0536 ||:  85%|########4 | 11/13 [00:05<00:01,  1.86it/s]
loss: 133.6042 ||:  92%|#########2| 12/13 [00:06<00:00,  1.84it/s]
loss: 130.2137 ||: 100%|##########| 13/13 [00:06<00:00,  2.06it/s]
loss: 130.2137 ||: 100%|##########| 13/13 [00:06<00:00,  1.89it/s]

  0%|          | 0/13 [00:00<?, ?it/s]
BLEU: 0.0000, loss: 72.4306 ||:   8%|7         | 1/13 [00:01<00:18,  1.53s/it]
BLEU: 0.0000, loss: 80.6307 ||:  15%|#5        | 2/13 [00:03<00:18,  1.65s/it]
BLEU: 0.0000, loss: 91.5921 ||:  23%|##3       | 3/13 [00:05<00:17,  1.73s/it]
BLEU: 0.0000, loss: 99.2607 ||:  31%|###       | 4/13 [00:07<00:16,  1.89s/it]
BLEU: 0.0000, loss: 98.2106 ||:  38%|###8      | 5/13 [00:09<00:15,  1.98s/it]
BLEU: 0.0000, loss: 105.0391 ||:  46%|####6     | 6/13 [00:11<00:13,  1.95s/it]
BLEU: 0.0000, loss: 110.4055 ||:  54%|#####3    | 7/13 [00:14<00:12,  2.08s/it]
BLEU: 0.0000, loss: 111.9792 ||:  62%|######1   | 8/13 [00:16<00:11,  2.20s/it]
BLEU: 0.0000, loss: 116.3041 ||:  69%|######9   | 9/13 [00:18<00:09,  2.26s/it]
BLEU: 0.0000, loss: 117.4719 ||:  77%|#######6  | 10/13 [00:21<00:07,  2.42s/it]
BLEU: 0.0000, loss: 120.7553 ||:  85%|########4 | 11/13 [00:24<00:05,  2.60s/it]
BLEU: 0.0000, loss: 123.8573 ||:  92%|#########2| 12/13 [00:27<00:02,  2.78s/it]
BLEU: 0.0000, loss: 129.4667 ||: 100%|##########| 13/13 [00:30<00:00,  2.73s/it]
BLEU: 0.0000, loss: 129.4667 ||: 100%|##########| 13/13 [00:30<00:00,  2.35s/it]

  0%|          | 0/13 [00:00<?, ?it/s]
loss: 72.9187 ||:   8%|7         | 1/13 [00:00<00:03,  3.06it/s]
loss: 97.6211 ||:  15%|#5        | 2/13 [00:00<00:03,  2.86it/s]
loss: 107.6120 ||:  23%|##3       | 3/13 [00:01<00:03,  2.58it/s]
loss: 108.9442 ||:  31%|###       | 4/13 [00:01<00:03,  2.67it/s]
loss: 126.4780 ||:  38%|###8      | 5/13 [00:02<00:03,  2.39it/s]
loss: 125.7233 ||:  46%|####6     | 6/13 [00:02<00:03,  2.31it/s]
loss: 120.8816 ||:  54%|#####3    | 7/13 [00:02<00:02,  2.48it/s]
loss: 123.2171 ||:  62%|######1   | 8/13 [00:03<00:02,  2.49it/s]
loss: 126.8396 ||:  69%|######9   | 9/13 [00:03<00:01,  2.25it/s]
loss: 122.7479 ||:  77%|#######6  | 10/13 [00:04<00:01,  2.44it/s]
loss: 124.6870 ||:  85%|########4 | 11/13 [00:04<00:00,  2.39it/s]
loss: 126.9836 ||:  92%|#########2| 12/13 [00:05<00:00,  2.33it/s]
loss: 128.9562 ||: 100%|##########| 13/13 [00:05<00:00,  2.07it/s]
loss: 128.9562 ||: 100%|##########| 13/13 [00:05<00:00,  2.30it/s]

  0%|          | 0/13 [00:00<?, ?it/s]
BLEU: 0.0000, loss: 68.0707 ||:   8%|7         | 1/13 [00:01<00:18,  1.55s/it]
BLEU: 0.0000, loss: 76.6567 ||:  15%|#5        | 2/13 [00:03<00:17,  1.61s/it]
BLEU: 0.0000, loss: 88.6527 ||:  23%|##3       | 3/13 [00:05<00:16,  1.69s/it]
BLEU: 0.0000, loss: 97.1967 ||:  31%|###       | 4/13 [00:07<00:17,  1.93s/it]
BLEU: 0.0000, loss: 95.7982 ||:  38%|###8      | 5/13 [00:09<00:15,  1.89s/it]
BLEU: 0.0000, loss: 103.3446 ||:  46%|####6     | 6/13 [00:11<00:13,  1.89s/it]
BLEU: 0.0000, loss: 109.2335 ||:  54%|#####3    | 7/13 [00:14<00:13,  2.29s/it]
BLEU: 0.0000, loss: 110.7285 ||:  62%|######1   | 8/13 [00:17<00:11,  2.39s/it]
BLEU: 0.0000, loss: 115.3410 ||:  69%|######9   | 9/13 [00:19<00:09,  2.41s/it]
BLEU: 0.0000, loss: 116.3741 ||:  77%|#######6  | 10/13 [00:21<00:07,  2.36s/it]
BLEU: 0.0000, loss: 119.6732 ||:  85%|########4 | 11/13 [00:25<00:05,  2.69s/it]
BLEU: 0.0000, loss: 122.6322 ||:  92%|#########2| 12/13 [00:29<00:03,  3.03s/it]
BLEU: 0.0000, loss: 128.4913 ||: 100%|##########| 13/13 [00:32<00:00,  2.99s/it]
BLEU: 0.0000, loss: 128.4913 ||: 100%|##########| 13/13 [00:32<00:00,  2.47s/it]

