2019-10-01 13:15:20,965 - INFO - allennlp.common.params - random_seed = 13370
2019-10-01 13:15:20,966 - INFO - allennlp.common.params - numpy_seed = 1337
2019-10-01 13:15:20,966 - INFO - allennlp.common.params - pytorch_seed = 133
2019-10-01 13:15:20,970 - INFO - allennlp.common.checks - Pytorch version: 1.1.0.post2
2019-10-01 13:15:20,971 - INFO - allennlp.common.params - evaluate_on_test = False
2019-10-01 13:15:20,971 - INFO - allennlp.common.params - validation_dataset_reader = None
2019-10-01 13:15:20,972 - INFO - allennlp.common.from_params - instantiating class <class 'allennlp.data.dataset_readers.dataset_reader.DatasetReader'> from params {'source_token_indexers': {'tokens': {'type': 'single_id'}}, 'target_namespace': 'target_tokens', 'type': 'my_copynet_seq2seq'} and extras set()
2019-10-01 13:15:20,972 - INFO - allennlp.common.params - dataset_reader.type = my_copynet_seq2seq
2019-10-01 13:15:20,972 - INFO - allennlp.common.from_params - instantiating class <class 'src.dataset_readers.seq2seq_copy_srl_reader.SRLCopyNetDatasetReader'> from params {'source_token_indexers': {'tokens': {'type': 'single_id'}}, 'target_namespace': 'target_tokens'} and extras set()
2019-10-01 13:15:20,973 - INFO - allennlp.common.params - dataset_reader.target_namespace = target_tokens
2019-10-01 13:15:20,973 - INFO - allennlp.common.params - dataset_reader.available_languages = None
2019-10-01 13:15:20,973 - INFO - allennlp.common.from_params - instantiating class allennlp.data.token_indexers.token_indexer.TokenIndexer from params {'type': 'single_id'} and extras set()
2019-10-01 13:15:20,973 - INFO - allennlp.common.params - dataset_reader.source_token_indexers.tokens.type = single_id
2019-10-01 13:15:20,974 - INFO - allennlp.common.from_params - instantiating class allennlp.data.token_indexers.single_id_token_indexer.SingleIdTokenIndexer from params {} and extras set()
2019-10-01 13:15:20,974 - INFO - allennlp.common.params - dataset_reader.source_token_indexers.tokens.namespace = tokens
2019-10-01 13:15:20,974 - INFO - allennlp.common.params - dataset_reader.source_token_indexers.tokens.lowercase_tokens = False
2019-10-01 13:15:20,974 - INFO - allennlp.common.params - dataset_reader.source_token_indexers.tokens.start_tokens = None
2019-10-01 13:15:20,974 - INFO - allennlp.common.params - dataset_reader.source_token_indexers.tokens.end_tokens = None
2019-10-01 13:15:20,974 - INFO - allennlp.common.params - dataset_reader.source_token_indexers.tokens.token_min_padding_length = 0
2019-10-01 13:15:20,975 - INFO - allennlp.common.params - dataset_reader.lazy = False
2019-10-01 13:15:21,172 - INFO - allennlp.common.params - train_data_path = datasets/json/EN_conll09_trial.json
2019-10-01 13:15:21,172 - INFO - allennlp.training.util - Reading training data from datasets/json/EN_conll09_trial.json
2019-10-01 13:15:21,173 - INFO - src.dataset_readers.seq2seq_copy_srl_reader - Reading instances from lines in file at: datasets/json/EN_conll09_trial.json
2019-10-01 13:15:21,199 - INFO - allennlp.common.params - validation_data_path = datasets/json/EN_conll09_trial.json
2019-10-01 13:15:21,199 - INFO - allennlp.training.util - Reading validation data from datasets/json/EN_conll09_trial.json
2019-10-01 13:15:21,201 - INFO - src.dataset_readers.seq2seq_copy_srl_reader - Reading instances from lines in file at: datasets/json/EN_conll09_trial.json
2019-10-01 13:15:21,230 - INFO - allennlp.common.params - test_data_path = None
2019-10-01 13:15:21,231 - INFO - allennlp.training.trainer - From dataset instances, validation, train will be considered for vocabulary creation.
2019-10-01 13:15:21,231 - INFO - allennlp.common.params - vocabulary.type = None
2019-10-01 13:15:21,231 - INFO - allennlp.common.params - vocabulary.extend = False
2019-10-01 13:15:21,231 - INFO - allennlp.common.params - vocabulary.directory_path = None
2019-10-01 13:15:21,231 - INFO - allennlp.common.params - vocabulary.max_vocab_size = None
2019-10-01 13:15:21,231 - INFO - allennlp.common.params - vocabulary.non_padded_namespaces = ('*tags', '*labels')
2019-10-01 13:15:21,231 - INFO - allennlp.common.params - vocabulary.min_pretrained_embeddings = None
2019-10-01 13:15:21,232 - INFO - allennlp.common.params - vocabulary.only_include_pretrained_words = False
2019-10-01 13:15:21,232 - INFO - allennlp.common.params - vocabulary.tokens_to_add = None
2019-10-01 13:15:21,232 - INFO - allennlp.data.vocabulary - Fitting token dictionary from dataset.
2019-10-01 13:15:21,245 - INFO - allennlp.common.from_params - instantiating class <class 'allennlp.models.model.Model'> from params {'attention': {'activation': 'tanh', 'combination': 'x,y', 'tensor_1_dim': 256, 'tensor_2_dim': 256, 'type': 'linear'}, 'beam_size': 1, 'binary_pred_feature_dim': 20, 'encoder': {'hidden_size': 128, 'input_size': 120, 'num_layers': 2, 'recurrent_dropout_probability': 0.1, 'type': 'alternating_lstm', 'use_highway': True}, 'max_decoding_steps': 100, 'source_embedder': {'tokens': {'embedding_dim': 100, 'pretrained_file': 'https://s3-us-west-2.amazonaws.com/allennlp/datasets/glove/glove.6B.100d.txt.gz', 'trainable': True, 'type': 'embedding'}}, 'target_embedding_dim': 256, 'type': 'seq2seq_copy_srl'} and extras {'vocab'}
2019-10-01 13:15:21,245 - INFO - allennlp.common.params - model.type = seq2seq_copy_srl
2019-10-01 13:15:21,245 - INFO - allennlp.common.from_params - instantiating class <class 'src.models.seq2seq_copynet_srl.SRLCopyNetSeq2Seq'> from params {'attention': {'activation': 'tanh', 'combination': 'x,y', 'tensor_1_dim': 256, 'tensor_2_dim': 256, 'type': 'linear'}, 'beam_size': 1, 'binary_pred_feature_dim': 20, 'encoder': {'hidden_size': 128, 'input_size': 120, 'num_layers': 2, 'recurrent_dropout_probability': 0.1, 'type': 'alternating_lstm', 'use_highway': True}, 'max_decoding_steps': 100, 'source_embedder': {'tokens': {'embedding_dim': 100, 'pretrained_file': 'https://s3-us-west-2.amazonaws.com/allennlp/datasets/glove/glove.6B.100d.txt.gz', 'trainable': True, 'type': 'embedding'}}, 'target_embedding_dim': 256} and extras {'vocab'}
2019-10-01 13:15:21,246 - INFO - allennlp.common.from_params - instantiating class <class 'allennlp.modules.text_field_embedders.text_field_embedder.TextFieldEmbedder'> from params {'tokens': {'embedding_dim': 100, 'pretrained_file': 'https://s3-us-west-2.amazonaws.com/allennlp/datasets/glove/glove.6B.100d.txt.gz', 'trainable': True, 'type': 'embedding'}} and extras {'vocab'}
2019-10-01 13:15:21,246 - INFO - allennlp.common.params - model.source_embedder.type = basic
2019-10-01 13:15:21,246 - INFO - allennlp.common.params - model.source_embedder.embedder_to_indexer_map = None
2019-10-01 13:15:21,246 - INFO - allennlp.common.params - model.source_embedder.allow_unmatched_keys = False
2019-10-01 13:15:21,246 - INFO - allennlp.common.params - model.source_embedder.token_embedders = None
2019-10-01 13:15:21,246 - INFO - allennlp.common.from_params - instantiating class <class 'allennlp.modules.token_embedders.token_embedder.TokenEmbedder'> from params {'embedding_dim': 100, 'pretrained_file': 'https://s3-us-west-2.amazonaws.com/allennlp/datasets/glove/glove.6B.100d.txt.gz', 'trainable': True, 'type': 'embedding'} and extras {'vocab'}
2019-10-01 13:15:21,247 - INFO - allennlp.common.params - model.source_embedder.tokens.type = embedding
2019-10-01 13:15:21,247 - INFO - allennlp.common.params - model.source_embedder.tokens.num_embeddings = None
2019-10-01 13:15:21,247 - INFO - allennlp.common.params - model.source_embedder.tokens.vocab_namespace = tokens
2019-10-01 13:15:21,247 - INFO - allennlp.common.params - model.source_embedder.tokens.embedding_dim = 100
2019-10-01 13:15:21,247 - INFO - allennlp.common.params - model.source_embedder.tokens.pretrained_file = https://s3-us-west-2.amazonaws.com/allennlp/datasets/glove/glove.6B.100d.txt.gz
2019-10-01 13:15:21,247 - INFO - allennlp.common.params - model.source_embedder.tokens.projection_dim = None
2019-10-01 13:15:21,248 - INFO - allennlp.common.params - model.source_embedder.tokens.trainable = True
2019-10-01 13:15:21,248 - INFO - allennlp.common.params - model.source_embedder.tokens.padding_index = None
2019-10-01 13:15:21,248 - INFO - allennlp.common.params - model.source_embedder.tokens.max_norm = None
2019-10-01 13:15:21,248 - INFO - allennlp.common.params - model.source_embedder.tokens.norm_type = 2.0
2019-10-01 13:15:21,248 - INFO - allennlp.common.params - model.source_embedder.tokens.scale_grad_by_freq = False
2019-10-01 13:15:21,248 - INFO - allennlp.common.params - model.source_embedder.tokens.sparse = False
2019-10-01 13:15:21,248 - INFO - allennlp.modules.token_embedders.embedding - Reading pretrained embeddings from file
2019-10-01 13:15:25,610 - INFO - allennlp.modules.token_embedders.embedding - Initializing pre-trained embedding layer
2019-10-01 13:15:25,614 - INFO - allennlp.modules.token_embedders.embedding - Pretrained embeddings were found for 219 out of 258 tokens
2019-10-01 13:15:25,615 - INFO - allennlp.common.from_params - instantiating class <class 'allennlp.modules.seq2seq_encoders.seq2seq_encoder.Seq2SeqEncoder'> from params {'hidden_size': 128, 'input_size': 120, 'num_layers': 2, 'recurrent_dropout_probability': 0.1, 'type': 'alternating_lstm', 'use_highway': True} and extras {'vocab'}
2019-10-01 13:15:25,615 - INFO - allennlp.common.params - model.encoder.type = alternating_lstm
2019-10-01 13:15:25,615 - INFO - allennlp.common.params - model.encoder.batch_first = True
2019-10-01 13:15:25,615 - INFO - allennlp.common.params - model.encoder.stateful = False
2019-10-01 13:15:25,615 - INFO - allennlp.common.params - Converting Params object to dict; logging of default values will not occur when dictionary parameters are used subsequently.
2019-10-01 13:15:25,615 - INFO - allennlp.common.params - CURRENTLY DEFINED PARAMETERS: 
2019-10-01 13:15:25,616 - INFO - allennlp.common.params - model.encoder.hidden_size = 128
2019-10-01 13:15:25,616 - INFO - allennlp.common.params - model.encoder.input_size = 120
2019-10-01 13:15:25,616 - INFO - allennlp.common.params - model.encoder.num_layers = 2
2019-10-01 13:15:25,616 - INFO - allennlp.common.params - model.encoder.recurrent_dropout_probability = 0.1
2019-10-01 13:15:25,616 - INFO - allennlp.common.params - model.encoder.use_highway = True
2019-10-01 13:15:25,636 - INFO - allennlp.common.from_params - instantiating class <class 'allennlp.modules.attention.attention.Attention'> from params {'activation': 'tanh', 'combination': 'x,y', 'tensor_1_dim': 256, 'tensor_2_dim': 256, 'type': 'linear'} and extras {'vocab'}
2019-10-01 13:15:25,636 - INFO - allennlp.common.params - model.attention.type = linear
2019-10-01 13:15:25,636 - INFO - allennlp.common.from_params - instantiating class <class 'allennlp.modules.attention.linear_attention.LinearAttention'> from params {'activation': 'tanh', 'combination': 'x,y', 'tensor_1_dim': 256, 'tensor_2_dim': 256} and extras {'vocab'}
2019-10-01 13:15:25,636 - INFO - allennlp.common.params - model.attention.tensor_1_dim = 256
2019-10-01 13:15:25,637 - INFO - allennlp.common.params - model.attention.tensor_2_dim = 256
2019-10-01 13:15:25,637 - INFO - allennlp.common.params - model.attention.combination = x,y
2019-10-01 13:15:25,637 - INFO - allennlp.common.params - model.attention.activation = tanh
2019-10-01 13:15:25,637 - INFO - allennlp.common.params - model.attention.normalize = True
2019-10-01 13:15:25,637 - INFO - allennlp.common.params - model.beam_size = 1
2019-10-01 13:15:25,637 - INFO - allennlp.common.params - model.max_decoding_steps = 100
2019-10-01 13:15:25,638 - INFO - allennlp.common.params - model.binary_pred_feature_dim = 20
2019-10-01 13:15:25,638 - INFO - allennlp.common.params - model.language_flag_dim = 0
2019-10-01 13:15:25,638 - INFO - allennlp.common.params - model.number_of_languages = 2
2019-10-01 13:15:25,638 - INFO - allennlp.common.params - model.target_embedding_dim = 256
2019-10-01 13:15:25,638 - INFO - allennlp.common.params - model.copy_token = @COPY@
2019-10-01 13:15:25,638 - INFO - allennlp.common.params - model.source_namespace = source_tokens
2019-10-01 13:15:25,638 - INFO - allennlp.common.params - model.target_namespace = target_tokens
2019-10-01 13:15:25,642 - INFO - root - Loading a model trained before embedding extension was implemented; pass an explicit vocab namespace if you want to extend the vocabulary.
2019-10-01 13:15:25,642 - INFO - root - Loading a model trained before embedding extension was implemented; pass an explicit vocab namespace if you want to extend the vocabulary.
2019-10-01 13:15:25,645 - INFO - allennlp.common.from_params - instantiating class <class 'allennlp.data.iterators.data_iterator.DataIterator'> from params {'batch_size': 8, 'padding_noise': 0, 'sorting_keys': [['source_tokens', 'num_tokens'], ['target_tokens', 'num_tokens']], 'type': 'bucket'} and extras set()
2019-10-01 13:15:25,645 - INFO - allennlp.common.params - iterator.type = bucket
2019-10-01 13:15:25,646 - INFO - allennlp.common.from_params - instantiating class <class 'allennlp.data.iterators.bucket_iterator.BucketIterator'> from params {'batch_size': 8, 'padding_noise': 0, 'sorting_keys': [['source_tokens', 'num_tokens'], ['target_tokens', 'num_tokens']]} and extras set()
2019-10-01 13:15:25,646 - INFO - allennlp.common.params - iterator.sorting_keys = [['source_tokens', 'num_tokens'], ['target_tokens', 'num_tokens']]
2019-10-01 13:15:25,646 - INFO - allennlp.common.params - iterator.padding_noise = 0
2019-10-01 13:15:25,646 - INFO - allennlp.common.params - iterator.biggest_batch_first = False
2019-10-01 13:15:25,646 - INFO - allennlp.common.params - iterator.batch_size = 8
2019-10-01 13:15:25,647 - INFO - allennlp.common.params - iterator.instances_per_epoch = None
2019-10-01 13:15:25,647 - INFO - allennlp.common.params - iterator.max_instances_in_memory = None
2019-10-01 13:15:25,647 - INFO - allennlp.common.params - iterator.cache_instances = False
2019-10-01 13:15:25,647 - INFO - allennlp.common.params - iterator.track_epoch = False
2019-10-01 13:15:25,647 - INFO - allennlp.common.params - iterator.maximum_samples_per_batch = None
2019-10-01 13:15:25,647 - INFO - allennlp.common.params - validation_iterator = None
2019-10-01 13:15:25,647 - INFO - allennlp.common.params - trainer.no_grad = ()
2019-10-01 13:15:25,648 - INFO - allennlp.training.trainer - Following parameters are Frozen  (without gradient):
2019-10-01 13:15:25,648 - INFO - allennlp.training.trainer - Following parameters are Tunable (with gradient):
2019-10-01 13:15:25,648 - INFO - allennlp.training.trainer - _binary_feature_embedding.weight
2019-10-01 13:15:25,649 - INFO - allennlp.training.trainer - _source_embedder.token_embedder_tokens.weight
2019-10-01 13:15:25,649 - INFO - allennlp.training.trainer - _encoder._module.layer_0.input_linearity.weight
2019-10-01 13:15:25,649 - INFO - allennlp.training.trainer - _encoder._module.layer_0.input_linearity.bias
2019-10-01 13:15:25,649 - INFO - allennlp.training.trainer - _encoder._module.layer_0.state_linearity.weight
2019-10-01 13:15:25,649 - INFO - allennlp.training.trainer - _encoder._module.layer_0.state_linearity.bias
2019-10-01 13:15:25,649 - INFO - allennlp.training.trainer - _encoder._module.layer_1.input_linearity.weight
2019-10-01 13:15:25,649 - INFO - allennlp.training.trainer - _encoder._module.layer_1.input_linearity.bias
2019-10-01 13:15:25,649 - INFO - allennlp.training.trainer - _encoder._module.layer_1.state_linearity.weight
2019-10-01 13:15:25,649 - INFO - allennlp.training.trainer - _encoder._module.layer_1.state_linearity.bias
2019-10-01 13:15:25,649 - INFO - allennlp.training.trainer - _target_embedder.weight
2019-10-01 13:15:25,649 - INFO - allennlp.training.trainer - _attention._weight_vector
2019-10-01 13:15:25,649 - INFO - allennlp.training.trainer - _attention._bias
2019-10-01 13:15:25,650 - INFO - allennlp.training.trainer - _input_projection_layer.weight
2019-10-01 13:15:25,650 - INFO - allennlp.training.trainer - _input_projection_layer.bias
2019-10-01 13:15:25,650 - INFO - allennlp.training.trainer - _decoder_cell.weight_ih
2019-10-01 13:15:25,650 - INFO - allennlp.training.trainer - _decoder_cell.weight_hh
2019-10-01 13:15:25,650 - INFO - allennlp.training.trainer - _decoder_cell.bias_ih
2019-10-01 13:15:25,650 - INFO - allennlp.training.trainer - _decoder_cell.bias_hh
2019-10-01 13:15:25,650 - INFO - allennlp.training.trainer - _output_generation_layer.weight
2019-10-01 13:15:25,650 - INFO - allennlp.training.trainer - _output_generation_layer.bias
2019-10-01 13:15:25,650 - INFO - allennlp.training.trainer - _output_copying_layer.weight
2019-10-01 13:15:25,650 - INFO - allennlp.training.trainer - _output_copying_layer.bias
2019-10-01 13:15:25,650 - INFO - allennlp.common.params - trainer.patience = 1
2019-10-01 13:15:25,651 - INFO - allennlp.common.params - trainer.validation_metric = -loss
2019-10-01 13:15:25,651 - INFO - allennlp.common.params - trainer.shuffle = True
2019-10-01 13:15:25,651 - INFO - allennlp.common.params - trainer.num_epochs = 5
2019-10-01 13:15:25,651 - INFO - allennlp.common.params - trainer.cuda_device = -1
2019-10-01 13:15:25,651 - INFO - allennlp.common.params - trainer.grad_norm = 1
2019-10-01 13:15:25,651 - INFO - allennlp.common.params - trainer.grad_clipping = None
2019-10-01 13:15:25,651 - INFO - allennlp.common.params - trainer.learning_rate_scheduler = None
2019-10-01 13:15:25,651 - INFO - allennlp.common.params - trainer.momentum_scheduler = None
2019-10-01 13:15:25,651 - INFO - allennlp.common.params - trainer.optimizer.type = adam
2019-10-01 13:15:25,652 - INFO - allennlp.common.params - trainer.optimizer.parameter_groups = None
2019-10-01 13:15:25,652 - INFO - allennlp.training.optimizers - Number of trainable parameters: 699000
2019-10-01 13:15:25,652 - INFO - allennlp.common.params - trainer.optimizer.infer_type_and_cast = True
2019-10-01 13:15:25,653 - INFO - allennlp.common.params - Converting Params object to dict; logging of default values will not occur when dictionary parameters are used subsequently.
2019-10-01 13:15:25,653 - INFO - allennlp.common.params - CURRENTLY DEFINED PARAMETERS: 
2019-10-01 13:15:25,653 - INFO - allennlp.common.params - trainer.optimizer.lr = 0.0001
2019-10-01 13:15:25,653 - INFO - allennlp.common.params - trainer.num_serialized_models_to_keep = 20
2019-10-01 13:15:25,653 - INFO - allennlp.common.params - trainer.keep_serialized_model_every_num_seconds = None
2019-10-01 13:15:25,654 - INFO - allennlp.common.params - trainer.model_save_interval = None
2019-10-01 13:15:25,654 - INFO - allennlp.common.params - trainer.summary_interval = 100
2019-10-01 13:15:25,654 - INFO - allennlp.common.params - trainer.histogram_interval = None
2019-10-01 13:15:25,654 - INFO - allennlp.common.params - trainer.should_log_parameter_statistics = True
2019-10-01 13:15:25,654 - INFO - allennlp.common.params - trainer.should_log_learning_rate = False
2019-10-01 13:15:25,654 - INFO - allennlp.common.params - trainer.log_batch_size_period = None
2019-10-01 13:15:25,660 - INFO - allennlp.training.trainer - Beginning training.
2019-10-01 13:15:25,660 - INFO - allennlp.training.trainer - Epoch 0/4
2019-10-01 13:15:25,660 - INFO - allennlp.training.trainer - Peak CPU memory usage MB: 228.552704
2019-10-01 13:15:25,674 - INFO - allennlp.training.trainer - Training
2019-10-01 13:15:31,145 - INFO - allennlp.training.trainer - Validating
2019-10-01 13:16:00,708 - INFO - allennlp.training.tensorboard_writer -                   Training |  Validation
2019-10-01 13:16:00,710 - INFO - allennlp.training.tensorboard_writer - cpu_memory_MB |   228.553  |       N/A
2019-10-01 13:16:00,710 - INFO - allennlp.training.tensorboard_writer - loss          |   161.801  |   156.293
2019-10-01 13:16:00,711 - INFO - allennlp.training.tensorboard_writer - BLEU          |       N/A  |     0.000
2019-10-01 13:16:00,727 - INFO - allennlp.training.checkpointer - Best validation performance so far. Copying weights to 'saved_models/example-srl-en//best.th'.
2019-10-01 13:16:00,735 - INFO - allennlp.training.trainer - Epoch duration: 0:00:35.075051
2019-10-01 13:16:00,736 - INFO - allennlp.training.trainer - Estimated training time remaining: 0:02:20
2019-10-01 13:16:00,736 - INFO - allennlp.training.trainer - Epoch 1/4
2019-10-01 13:16:00,736 - INFO - allennlp.training.trainer - Peak CPU memory usage MB: 280.662016
2019-10-01 13:16:00,750 - INFO - allennlp.training.trainer - Training
2019-10-01 13:16:06,554 - INFO - allennlp.training.trainer - Validating
2019-10-01 13:16:36,095 - INFO - allennlp.training.tensorboard_writer -                   Training |  Validation
2019-10-01 13:16:36,096 - INFO - allennlp.training.tensorboard_writer - cpu_memory_MB |   280.662  |       N/A
2019-10-01 13:16:36,096 - INFO - allennlp.training.tensorboard_writer - loss          |   146.677  |   132.877
2019-10-01 13:16:36,097 - INFO - allennlp.training.tensorboard_writer - BLEU          |       N/A  |     0.000
2019-10-01 13:16:36,116 - INFO - allennlp.training.checkpointer - Best validation performance so far. Copying weights to 'saved_models/example-srl-en//best.th'.
2019-10-01 13:16:36,138 - INFO - allennlp.training.trainer - Epoch duration: 0:00:35.402103
2019-10-01 13:16:36,139 - INFO - allennlp.training.trainer - Estimated training time remaining: 0:01:45
2019-10-01 13:16:36,141 - INFO - allennlp.training.trainer - Epoch 2/4
2019-10-01 13:16:36,144 - INFO - allennlp.training.trainer - Peak CPU memory usage MB: 284.942336
2019-10-01 13:16:36,169 - INFO - allennlp.training.trainer - Training
2019-10-01 13:16:42,445 - INFO - allennlp.training.trainer - Validating
2019-10-01 13:17:15,033 - INFO - allennlp.training.tensorboard_writer -                   Training |  Validation
2019-10-01 13:17:15,034 - INFO - allennlp.training.tensorboard_writer - cpu_memory_MB |   284.942  |       N/A
2019-10-01 13:17:15,035 - INFO - allennlp.training.tensorboard_writer - loss          |   132.464  |   131.546
2019-10-01 13:17:15,035 - INFO - allennlp.training.tensorboard_writer - BLEU          |       N/A  |     0.000
2019-10-01 13:17:15,050 - INFO - allennlp.training.checkpointer - Best validation performance so far. Copying weights to 'saved_models/example-srl-en//best.th'.
2019-10-01 13:17:15,057 - INFO - allennlp.training.trainer - Epoch duration: 0:00:38.916831
2019-10-01 13:17:15,058 - INFO - allennlp.training.trainer - Estimated training time remaining: 0:01:12
2019-10-01 13:17:15,058 - INFO - allennlp.training.trainer - Epoch 3/4
2019-10-01 13:17:15,058 - INFO - allennlp.training.trainer - Peak CPU memory usage MB: 284.942336
2019-10-01 13:17:15,070 - INFO - allennlp.training.trainer - Training
2019-10-01 13:17:21,956 - INFO - allennlp.training.trainer - Validating
2019-10-01 13:17:52,549 - INFO - allennlp.training.tensorboard_writer -                   Training |  Validation
2019-10-01 13:17:52,549 - INFO - allennlp.training.tensorboard_writer - cpu_memory_MB |   284.942  |       N/A
2019-10-01 13:17:52,549 - INFO - allennlp.training.tensorboard_writer - loss          |   130.214  |   129.467
2019-10-01 13:17:52,550 - INFO - allennlp.training.tensorboard_writer - BLEU          |       N/A  |     0.000
2019-10-01 13:17:52,566 - INFO - allennlp.training.checkpointer - Best validation performance so far. Copying weights to 'saved_models/example-srl-en//best.th'.
2019-10-01 13:17:52,573 - INFO - allennlp.training.trainer - Epoch duration: 0:00:37.514661
2019-10-01 13:17:52,573 - INFO - allennlp.training.trainer - Estimated training time remaining: 0:00:36
2019-10-01 13:17:52,573 - INFO - allennlp.training.trainer - Epoch 4/4
2019-10-01 13:17:52,574 - INFO - allennlp.training.trainer - Peak CPU memory usage MB: 284.942336
2019-10-01 13:17:52,600 - INFO - allennlp.training.trainer - Training
2019-10-01 13:17:58,263 - INFO - allennlp.training.trainer - Validating
2019-10-01 13:18:30,366 - INFO - allennlp.training.tensorboard_writer -                   Training |  Validation
2019-10-01 13:18:30,368 - INFO - allennlp.training.tensorboard_writer - cpu_memory_MB |   284.942  |       N/A
2019-10-01 13:18:30,369 - INFO - allennlp.training.tensorboard_writer - loss          |   128.956  |   128.491
2019-10-01 13:18:30,369 - INFO - allennlp.training.tensorboard_writer - BLEU          |       N/A  |     0.000
2019-10-01 13:18:30,387 - INFO - allennlp.training.checkpointer - Best validation performance so far. Copying weights to 'saved_models/example-srl-en//best.th'.
2019-10-01 13:18:30,398 - INFO - allennlp.training.trainer - Epoch duration: 0:00:37.824227
2019-10-01 13:18:30,398 - INFO - allennlp.training.checkpointer - loading best weights
